
*** Running vivado
    with args -log zybo_example_wrapper.vdi -applog -m64 -product Vivado -messageDb vivado.pb -mode batch -source zybo_example_wrapper.tcl -notrace



****** Vivado v2025.2 (64-bit)
  **** SW Build 6299465 on Fri Nov 14 19:35:11 GMT 2025
  **** IP Build 6300035 on Fri Nov 14 10:48:45 MST 2025
  **** SharedData Build 6298862 on Thu Nov 13 04:50:51 MST 2025
  **** Start of session at: Sat Feb 28 16:57:16 2026
    ** Copyright 1986-2022 Xilinx, Inc. All Rights Reserved.
    ** Copyright 2022-2025 Advanced Micro Devices, Inc. All Rights Reserved.

source zybo_example_wrapper.tcl -notrace
create_project: Time (s): cpu = 00:00:09 ; elapsed = 00:00:08 . Memory (MB): peak = 522.562 ; gain = 218.914
INFO: [IP_Flow 19-234] Refreshing IP repositories
INFO: [IP_Flow 19-1704] No user IP repositories specified
INFO: [IP_Flow 19-2313] Loaded Vivado IP repository 'D:/xilinx/2025.2/Vivado/data/ip'.
WARNING: [IP_Flow 19-3664] IP 'zybo_example_processing_system7_0_0' generated file not found 'd:/xilinx/projects/example_project/example_project.gen/sources_1/bd/zybo_example/ip/zybo_example_processing_system7_0_0/zybo_example_processing_system7_0_0.dcp'. Please regenerate to continue.
WARNING: [IP_Flow 19-3664] IP 'zybo_example_processing_system7_0_0' generated file not found 'd:/xilinx/projects/example_project/example_project.gen/sources_1/bd/zybo_example/ip/zybo_example_processing_system7_0_0/zybo_example_processing_system7_0_0_stub.v'. Please regenerate to continue.
WARNING: [IP_Flow 19-3664] IP 'zybo_example_processing_system7_0_0' generated file not found 'd:/xilinx/projects/example_project/example_project.gen/sources_1/bd/zybo_example/ip/zybo_example_processing_system7_0_0/zybo_example_processing_system7_0_0_stub.vhdl'. Please regenerate to continue.
WARNING: [IP_Flow 19-3664] IP 'zybo_example_processing_system7_0_0' generated file not found 'd:/xilinx/projects/example_project/example_project.gen/sources_1/bd/zybo_example/ip/zybo_example_processing_system7_0_0/zybo_example_processing_system7_0_0_sim_netlist.v'. Please regenerate to continue.
WARNING: [IP_Flow 19-3664] IP 'zybo_example_processing_system7_0_0' generated file not found 'd:/xilinx/projects/example_project/example_project.gen/sources_1/bd/zybo_example/ip/zybo_example_processing_system7_0_0/zybo_example_processing_system7_0_0_sim_netlist.vhdl'. Please regenerate to continue.
WARNING: [IP_Flow 19-3664] IP 'zybo_example_proc_sys_reset_0_0' generated file not found 'd:/xilinx/projects/example_project/example_project.gen/sources_1/bd/zybo_example/ip/zybo_example_proc_sys_reset_0_0/zybo_example_proc_sys_reset_0_0.dcp'. Please regenerate to continue.
WARNING: [IP_Flow 19-3664] IP 'zybo_example_proc_sys_reset_0_0' generated file not found 'd:/xilinx/projects/example_project/example_project.gen/sources_1/bd/zybo_example/ip/zybo_example_proc_sys_reset_0_0/zybo_example_proc_sys_reset_0_0_stub.v'. Please regenerate to continue.
WARNING: [IP_Flow 19-3664] IP 'zybo_example_proc_sys_reset_0_0' generated file not found 'd:/xilinx/projects/example_project/example_project.gen/sources_1/bd/zybo_example/ip/zybo_example_proc_sys_reset_0_0/zybo_example_proc_sys_reset_0_0_stub.vhdl'. Please regenerate to continue.
WARNING: [IP_Flow 19-3664] IP 'zybo_example_proc_sys_reset_0_0' generated file not found 'd:/xilinx/projects/example_project/example_project.gen/sources_1/bd/zybo_example/ip/zybo_example_proc_sys_reset_0_0/zybo_example_proc_sys_reset_0_0_sim_netlist.v'. Please regenerate to continue.
WARNING: [IP_Flow 19-3664] IP 'zybo_example_proc_sys_reset_0_0' generated file not found 'd:/xilinx/projects/example_project/example_project.gen/sources_1/bd/zybo_example/ip/zybo_example_proc_sys_reset_0_0/zybo_example_proc_sys_reset_0_0_sim_netlist.vhdl'. Please regenerate to continue.
WARNING: [IP_Flow 19-3664] IP 'zybo_example_axi_interconnect_0_imp_xbar_0' generated file not found 'd:/xilinx/projects/example_project/example_project.gen/sources_1/bd/zybo_example/ip/zybo_example_axi_interconnect_0_imp_xbar_0/zybo_example_axi_interconnect_0_imp_xbar_0.dcp'. Please regenerate to continue.
WARNING: [IP_Flow 19-3664] IP 'zybo_example_axi_interconnect_0_imp_xbar_0' generated file not found 'd:/xilinx/projects/example_project/example_project.gen/sources_1/bd/zybo_example/ip/zybo_example_axi_interconnect_0_imp_xbar_0/zybo_example_axi_interconnect_0_imp_xbar_0_stub.v'. Please regenerate to continue.
WARNING: [IP_Flow 19-3664] IP 'zybo_example_axi_interconnect_0_imp_xbar_0' generated file not found 'd:/xilinx/projects/example_project/example_project.gen/sources_1/bd/zybo_example/ip/zybo_example_axi_interconnect_0_imp_xbar_0/zybo_example_axi_interconnect_0_imp_xbar_0_stub.vhdl'. Please regenerate to continue.
WARNING: [IP_Flow 19-3664] IP 'zybo_example_axi_interconnect_0_imp_xbar_0' generated file not found 'd:/xilinx/projects/example_project/example_project.gen/sources_1/bd/zybo_example/ip/zybo_example_axi_interconnect_0_imp_xbar_0/zybo_example_axi_interconnect_0_imp_xbar_0_sim_netlist.v'. Please regenerate to continue.
WARNING: [IP_Flow 19-3664] IP 'zybo_example_axi_interconnect_0_imp_xbar_0' generated file not found 'd:/xilinx/projects/example_project/example_project.gen/sources_1/bd/zybo_example/ip/zybo_example_axi_interconnect_0_imp_xbar_0/zybo_example_axi_interconnect_0_imp_xbar_0_sim_netlist.vhdl'. Please regenerate to continue.
WARNING: [IP_Flow 19-3664] IP 'zybo_example_axi_interconnect_0_imp_auto_pc_1' generated file not found 'd:/xilinx/projects/example_project/example_project.gen/sources_1/bd/zybo_example/ip/zybo_example_axi_interconnect_0_imp_auto_pc_1/zybo_example_axi_interconnect_0_imp_auto_pc_1.dcp'. Please regenerate to continue.
WARNING: [IP_Flow 19-3664] IP 'zybo_example_axi_interconnect_0_imp_auto_pc_1' generated file not found 'd:/xilinx/projects/example_project/example_project.gen/sources_1/bd/zybo_example/ip/zybo_example_axi_interconnect_0_imp_auto_pc_1/zybo_example_axi_interconnect_0_imp_auto_pc_1_stub.v'. Please regenerate to continue.
WARNING: [IP_Flow 19-3664] IP 'zybo_example_axi_interconnect_0_imp_auto_pc_1' generated file not found 'd:/xilinx/projects/example_project/example_project.gen/sources_1/bd/zybo_example/ip/zybo_example_axi_interconnect_0_imp_auto_pc_1/zybo_example_axi_interconnect_0_imp_auto_pc_1_stub.vhdl'. Please regenerate to continue.
WARNING: [IP_Flow 19-3664] IP 'zybo_example_axi_interconnect_0_imp_auto_pc_1' generated file not found 'd:/xilinx/projects/example_project/example_project.gen/sources_1/bd/zybo_example/ip/zybo_example_axi_interconnect_0_imp_auto_pc_1/zybo_example_axi_interconnect_0_imp_auto_pc_1_sim_netlist.v'. Please regenerate to continue.
WARNING: [IP_Flow 19-3664] IP 'zybo_example_axi_interconnect_0_imp_auto_pc_1' generated file not found 'd:/xilinx/projects/example_project/example_project.gen/sources_1/bd/zybo_example/ip/zybo_example_axi_interconnect_0_imp_auto_pc_1/zybo_example_axi_interconnect_0_imp_auto_pc_1_sim_netlist.vhdl'. Please regenerate to continue.
WARNING: [IP_Flow 19-3664] IP 'zybo_example_axi_interconnect_0_imp_auto_pc_0' generated file not found 'd:/xilinx/projects/example_project/example_project.gen/sources_1/bd/zybo_example/ip/zybo_example_axi_interconnect_0_imp_auto_pc_0/zybo_example_axi_interconnect_0_imp_auto_pc_0.dcp'. Please regenerate to continue.
WARNING: [IP_Flow 19-3664] IP 'zybo_example_axi_interconnect_0_imp_auto_pc_0' generated file not found 'd:/xilinx/projects/example_project/example_project.gen/sources_1/bd/zybo_example/ip/zybo_example_axi_interconnect_0_imp_auto_pc_0/zybo_example_axi_interconnect_0_imp_auto_pc_0_stub.v'. Please regenerate to continue.
WARNING: [IP_Flow 19-3664] IP 'zybo_example_axi_interconnect_0_imp_auto_pc_0' generated file not found 'd:/xilinx/projects/example_project/example_project.gen/sources_1/bd/zybo_example/ip/zybo_example_axi_interconnect_0_imp_auto_pc_0/zybo_example_axi_interconnect_0_imp_auto_pc_0_stub.vhdl'. Please regenerate to continue.
WARNING: [IP_Flow 19-3664] IP 'zybo_example_axi_interconnect_0_imp_auto_pc_0' generated file not found 'd:/xilinx/projects/example_project/example_project.gen/sources_1/bd/zybo_example/ip/zybo_example_axi_interconnect_0_imp_auto_pc_0/zybo_example_axi_interconnect_0_imp_auto_pc_0_sim_netlist.v'. Please regenerate to continue.
WARNING: [IP_Flow 19-3664] IP 'zybo_example_axi_interconnect_0_imp_auto_pc_0' generated file not found 'd:/xilinx/projects/example_project/example_project.gen/sources_1/bd/zybo_example/ip/zybo_example_axi_interconnect_0_imp_auto_pc_0/zybo_example_axi_interconnect_0_imp_auto_pc_0_sim_netlist.vhdl'. Please regenerate to continue.
WARNING: [IP_Flow 19-3664] IP 'zybo_example_axi_gpio_0_0' generated file not found 'd:/xilinx/projects/example_project/example_project.gen/sources_1/bd/zybo_example/ip/zybo_example_axi_gpio_0_0/zybo_example_axi_gpio_0_0.dcp'. Please regenerate to continue.
WARNING: [IP_Flow 19-3664] IP 'zybo_example_axi_gpio_0_0' generated file not found 'd:/xilinx/projects/example_project/example_project.gen/sources_1/bd/zybo_example/ip/zybo_example_axi_gpio_0_0/zybo_example_axi_gpio_0_0_stub.v'. Please regenerate to continue.
WARNING: [IP_Flow 19-3664] IP 'zybo_example_axi_gpio_0_0' generated file not found 'd:/xilinx/projects/example_project/example_project.gen/sources_1/bd/zybo_example/ip/zybo_example_axi_gpio_0_0/zybo_example_axi_gpio_0_0_stub.vhdl'. Please regenerate to continue.
WARNING: [IP_Flow 19-3664] IP 'zybo_example_axi_gpio_0_0' generated file not found 'd:/xilinx/projects/example_project/example_project.gen/sources_1/bd/zybo_example/ip/zybo_example_axi_gpio_0_0/zybo_example_axi_gpio_0_0_sim_netlist.v'. Please regenerate to continue.
WARNING: [IP_Flow 19-3664] IP 'zybo_example_axi_gpio_0_0' generated file not found 'd:/xilinx/projects/example_project/example_project.gen/sources_1/bd/zybo_example/ip/zybo_example_axi_gpio_0_0/zybo_example_axi_gpio_0_0_sim_netlist.vhdl'. Please regenerate to continue.
WARNING: [IP_Flow 19-3664] IP 'zybo_example_axi_bram_ctrl_0_0' generated file not found 'd:/xilinx/projects/example_project/example_project.gen/sources_1/bd/zybo_example/ip/zybo_example_axi_bram_ctrl_0_0/zybo_example_axi_bram_ctrl_0_0.dcp'. Please regenerate to continue.
WARNING: [IP_Flow 19-3664] IP 'zybo_example_axi_bram_ctrl_0_0' generated file not found 'd:/xilinx/projects/example_project/example_project.gen/sources_1/bd/zybo_example/ip/zybo_example_axi_bram_ctrl_0_0/zybo_example_axi_bram_ctrl_0_0_stub.v'. Please regenerate to continue.
WARNING: [IP_Flow 19-3664] IP 'zybo_example_axi_bram_ctrl_0_0' generated file not found 'd:/xilinx/projects/example_project/example_project.gen/sources_1/bd/zybo_example/ip/zybo_example_axi_bram_ctrl_0_0/zybo_example_axi_bram_ctrl_0_0_stub.vhdl'. Please regenerate to continue.
WARNING: [IP_Flow 19-3664] IP 'zybo_example_axi_bram_ctrl_0_0' generated file not found 'd:/xilinx/projects/example_project/example_project.gen/sources_1/bd/zybo_example/ip/zybo_example_axi_bram_ctrl_0_0/zybo_example_axi_bram_ctrl_0_0_sim_netlist.v'. Please regenerate to continue.
WARNING: [IP_Flow 19-3664] IP 'zybo_example_axi_bram_ctrl_0_0' generated file not found 'd:/xilinx/projects/example_project/example_project.gen/sources_1/bd/zybo_example/ip/zybo_example_axi_bram_ctrl_0_0/zybo_example_axi_bram_ctrl_0_0_sim_netlist.vhdl'. Please regenerate to continue.
WARNING: [IP_Flow 19-3664] IP 'zybo_example_blk_mem_gen_0_0' generated file not found 'd:/xilinx/projects/example_project/example_project.gen/sources_1/bd/zybo_example/ip/zybo_example_blk_mem_gen_0_0/zybo_example_blk_mem_gen_0_0.dcp'. Please regenerate to continue.
WARNING: [IP_Flow 19-3664] IP 'zybo_example_blk_mem_gen_0_0' generated file not found 'd:/xilinx/projects/example_project/example_project.gen/sources_1/bd/zybo_example/ip/zybo_example_blk_mem_gen_0_0/zybo_example_blk_mem_gen_0_0_stub.v'. Please regenerate to continue.
WARNING: [IP_Flow 19-3664] IP 'zybo_example_blk_mem_gen_0_0' generated file not found 'd:/xilinx/projects/example_project/example_project.gen/sources_1/bd/zybo_example/ip/zybo_example_blk_mem_gen_0_0/zybo_example_blk_mem_gen_0_0_stub.vhdl'. Please regenerate to continue.
WARNING: [IP_Flow 19-3664] IP 'zybo_example_blk_mem_gen_0_0' generated file not found 'd:/xilinx/projects/example_project/example_project.gen/sources_1/bd/zybo_example/ip/zybo_example_blk_mem_gen_0_0/zybo_example_blk_mem_gen_0_0_sim_netlist.v'. Please regenerate to continue.
WARNING: [IP_Flow 19-3664] IP 'zybo_example_blk_mem_gen_0_0' generated file not found 'd:/xilinx/projects/example_project/example_project.gen/sources_1/bd/zybo_example/ip/zybo_example_blk_mem_gen_0_0/zybo_example_blk_mem_gen_0_0_sim_netlist.vhdl'. Please regenerate to continue.
Command: link_design -top zybo_example_wrapper -part xc7z010clg400-1
Design is defaulting to srcset: sources_1
Design is defaulting to constrset: constrs_1
3 Infos, 40 Warnings, 0 Critical Warnings and 1 Errors encountered.
link_design failed
ERROR: [Runs 36-527] DCP does not exist: d:/xilinx/projects/example_project/example_project.gen/sources_1/bd/zybo_example/ip/zybo_example_processing_system7_0_0/zybo_example_processing_system7_0_0.dcp
INFO: [Common 17-206] Exiting Vivado at Sat Feb 28 16:57:32 2026...
